Compiling the C compiler identification source file "CMakeCCompilerId.c" failed.
Compiler: cl 
Build flags: 
Id flags:  

The output was:
Das System kann die angegebene Datei nicht finden


Compiling the C compiler identification source file "CMakeCCompilerId.c" failed.
Compiler: cl 
Build flags: 
Id flags: -c 

The output was:
Das System kann die angegebene Datei nicht finden


Compiling the C compiler identification source file "CMakeCCompilerId.c" failed.
Compiler: cl 
Build flags: 
Id flags: -Aa 

The output was:
Das System kann die angegebene Datei nicht finden


Compiling the C compiler identification source file "CMakeCCompilerId.c" failed.
Compiler: cl 
Build flags: 
Id flags: -D__CLASSIC_C__ 

The output was:
Das System kann die angegebene Datei nicht finden


Compiling the C compiler identification source file "CMakeCCompilerId.c" failed.
Compiler: cl 
Build flags: 
Id flags: --target=arm-arm-none-eabi;-mcpu=cortex-m3 

The output was:
Das System kann die angegebene Datei nicht finden


Compiling the C compiler identification source file "CMakeCCompilerId.c" failed.
Compiler: cl 
Build flags: 
Id flags:  

The output was:
Das System kann die angegebene Datei nicht finden


Compiling the C compiler identification source file "CMakeCCompilerId.c" failed.
Compiler: cl 
Build flags: 
Id flags: -c 

The output was:
Das System kann die angegebene Datei nicht finden


Compiling the C compiler identification source file "CMakeCCompilerId.c" failed.
Compiler: cl 
Build flags: 
Id flags: -Aa 

The output was:
Das System kann die angegebene Datei nicht finden


Compiling the C compiler identification source file "CMakeCCompilerId.c" failed.
Compiler: cl 
Build flags: 
Id flags: -D__CLASSIC_C__ 

The output was:
Das System kann die angegebene Datei nicht finden


Compiling the C compiler identification source file "CMakeCCompilerId.c" failed.
Compiler: cl 
Build flags: 
Id flags: --target=arm-arm-none-eabi;-mcpu=cortex-m3 

The output was:
Das System kann die angegebene Datei nicht finden


Checking whether the C compiler is IAR using "" did not match "IAR .+ Compiler":
Checking whether the C compiler is IAR using "" did not match "IAR .+ Compiler":
Compiling the CXX compiler identification source file "CMakeCXXCompilerId.cpp" failed.
Compiler: cl 
Build flags: 
Id flags:  

The output was:
Das System kann die angegebene Datei nicht finden


Compiling the CXX compiler identification source file "CMakeCXXCompilerId.cpp" failed.
Compiler: cl 
Build flags: 
Id flags: -c 

The output was:
Das System kann die angegebene Datei nicht finden


Compiling the CXX compiler identification source file "CMakeCXXCompilerId.cpp" failed.
Compiler: cl 
Build flags: 
Id flags: --c++ 

The output was:
Das System kann die angegebene Datei nicht finden


Compiling the CXX compiler identification source file "CMakeCXXCompilerId.cpp" failed.
Compiler: cl 
Build flags: 
Id flags: --ec++ 

The output was:
Das System kann die angegebene Datei nicht finden


Compiling the CXX compiler identification source file "CMakeCXXCompilerId.cpp" failed.
Compiler: cl 
Build flags: 
Id flags: --target=arm-arm-none-eabi;-mcpu=cortex-m3 

The output was:
Das System kann die angegebene Datei nicht finden


Compiling the CXX compiler identification source file "CMakeCXXCompilerId.cpp" failed.
Compiler: cl 
Build flags: 
Id flags:  

The output was:
Das System kann die angegebene Datei nicht finden


Compiling the CXX compiler identification source file "CMakeCXXCompilerId.cpp" failed.
Compiler: cl 
Build flags: 
Id flags: -c 

The output was:
Das System kann die angegebene Datei nicht finden


Compiling the CXX compiler identification source file "CMakeCXXCompilerId.cpp" failed.
Compiler: cl 
Build flags: 
Id flags: --c++ 

The output was:
Das System kann die angegebene Datei nicht finden


Compiling the CXX compiler identification source file "CMakeCXXCompilerId.cpp" failed.
Compiler: cl 
Build flags: 
Id flags: --ec++ 

The output was:
Das System kann die angegebene Datei nicht finden


Compiling the CXX compiler identification source file "CMakeCXXCompilerId.cpp" failed.
Compiler: cl 
Build flags: 
Id flags: --target=arm-arm-none-eabi;-mcpu=cortex-m3 

The output was:
Das System kann die angegebene Datei nicht finden


Checking whether the CXX compiler is IAR using "" did not match "IAR .+ Compiler":
Checking whether the CXX compiler is IAR using "" did not match "IAR .+ Compiler":
Compiling the C compiler identification source file "CMakeCCompilerId.c" failed.
Compiler: cl 
Build flags: 
Id flags:  

The output was:
Das System kann die angegebene Datei nicht finden


Compiling the C compiler identification source file "CMakeCCompilerId.c" failed.
Compiler: cl 
Build flags: 
Id flags: -c 

The output was:
Das System kann die angegebene Datei nicht finden


Compiling the C compiler identification source file "CMakeCCompilerId.c" failed.
Compiler: cl 
Build flags: 
Id flags: -Aa 

The output was:
Das System kann die angegebene Datei nicht finden


Compiling the C compiler identification source file "CMakeCCompilerId.c" failed.
Compiler: cl 
Build flags: 
Id flags: -D__CLASSIC_C__ 

The output was:
Das System kann die angegebene Datei nicht finden


Compiling the C compiler identification source file "CMakeCCompilerId.c" failed.
Compiler: cl 
Build flags: 
Id flags: --target=arm-arm-none-eabi;-mcpu=cortex-m3 

The output was:
Das System kann die angegebene Datei nicht finden


Compiling the C compiler identification source file "CMakeCCompilerId.c" failed.
Compiler: cl 
Build flags: 
Id flags:  

The output was:
Das System kann die angegebene Datei nicht finden


Compiling the C compiler identification source file "CMakeCCompilerId.c" failed.
Compiler: cl 
Build flags: 
Id flags: -c 

The output was:
Das System kann die angegebene Datei nicht finden


Compiling the C compiler identification source file "CMakeCCompilerId.c" failed.
Compiler: cl 
Build flags: 
Id flags: -Aa 

The output was:
Das System kann die angegebene Datei nicht finden


Compiling the C compiler identification source file "CMakeCCompilerId.c" failed.
Compiler: cl 
Build flags: 
Id flags: -D__CLASSIC_C__ 

The output was:
Das System kann die angegebene Datei nicht finden


Compiling the C compiler identification source file "CMakeCCompilerId.c" failed.
Compiler: cl 
Build flags: 
Id flags: --target=arm-arm-none-eabi;-mcpu=cortex-m3 

The output was:
Das System kann die angegebene Datei nicht finden


Checking whether the C compiler is IAR using "" did not match "IAR .+ Compiler":
Checking whether the C compiler is IAR using "" did not match "IAR .+ Compiler":
Compiling the CXX compiler identification source file "CMakeCXXCompilerId.cpp" failed.
Compiler: cl 
Build flags: 
Id flags:  

The output was:
Das System kann die angegebene Datei nicht finden


Compiling the CXX compiler identification source file "CMakeCXXCompilerId.cpp" failed.
Compiler: cl 
Build flags: 
Id flags: -c 

The output was:
Das System kann die angegebene Datei nicht finden


Compiling the CXX compiler identification source file "CMakeCXXCompilerId.cpp" failed.
Compiler: cl 
Build flags: 
Id flags: --c++ 

The output was:
Das System kann die angegebene Datei nicht finden


Compiling the CXX compiler identification source file "CMakeCXXCompilerId.cpp" failed.
Compiler: cl 
Build flags: 
Id flags: --ec++ 

The output was:
Das System kann die angegebene Datei nicht finden


Compiling the CXX compiler identification source file "CMakeCXXCompilerId.cpp" failed.
Compiler: cl 
Build flags: 
Id flags: --target=arm-arm-none-eabi;-mcpu=cortex-m3 

The output was:
Das System kann die angegebene Datei nicht finden


Compiling the CXX compiler identification source file "CMakeCXXCompilerId.cpp" failed.
Compiler: cl 
Build flags: 
Id flags:  

The output was:
Das System kann die angegebene Datei nicht finden


Compiling the CXX compiler identification source file "CMakeCXXCompilerId.cpp" failed.
Compiler: cl 
Build flags: 
Id flags: -c 

The output was:
Das System kann die angegebene Datei nicht finden


Compiling the CXX compiler identification source file "CMakeCXXCompilerId.cpp" failed.
Compiler: cl 
Build flags: 
Id flags: --c++ 

The output was:
Das System kann die angegebene Datei nicht finden


Compiling the CXX compiler identification source file "CMakeCXXCompilerId.cpp" failed.
Compiler: cl 
Build flags: 
Id flags: --ec++ 

The output was:
Das System kann die angegebene Datei nicht finden


Compiling the CXX compiler identification source file "CMakeCXXCompilerId.cpp" failed.
Compiler: cl 
Build flags: 
Id flags: --target=arm-arm-none-eabi;-mcpu=cortex-m3 

The output was:
Das System kann die angegebene Datei nicht finden


Checking whether the CXX compiler is IAR using "" did not match "IAR .+ Compiler":
Checking whether the CXX compiler is IAR using "" did not match "IAR .+ Compiler":
Compiling the C compiler identification source file "CMakeCCompilerId.c" failed.
Compiler: cl 
Build flags: 
Id flags:  

The output was:
Das System kann die angegebene Datei nicht finden


Compiling the C compiler identification source file "CMakeCCompilerId.c" failed.
Compiler: cl 
Build flags: 
Id flags: -c 

The output was:
Das System kann die angegebene Datei nicht finden


Compiling the C compiler identification source file "CMakeCCompilerId.c" failed.
Compiler: cl 
Build flags: 
Id flags: -Aa 

The output was:
Das System kann die angegebene Datei nicht finden


Compiling the C compiler identification source file "CMakeCCompilerId.c" failed.
Compiler: cl 
Build flags: 
Id flags: -D__CLASSIC_C__ 

The output was:
Das System kann die angegebene Datei nicht finden


Compiling the C compiler identification source file "CMakeCCompilerId.c" failed.
Compiler: cl 
Build flags: 
Id flags: --target=arm-arm-none-eabi;-mcpu=cortex-m3 

The output was:
Das System kann die angegebene Datei nicht finden


Compiling the C compiler identification source file "CMakeCCompilerId.c" failed.
Compiler: cl 
Build flags: 
Id flags:  

The output was:
Das System kann die angegebene Datei nicht finden


Compiling the C compiler identification source file "CMakeCCompilerId.c" failed.
Compiler: cl 
Build flags: 
Id flags: -c 

The output was:
Das System kann die angegebene Datei nicht finden


Compiling the C compiler identification source file "CMakeCCompilerId.c" failed.
Compiler: cl 
Build flags: 
Id flags: -Aa 

The output was:
Das System kann die angegebene Datei nicht finden


Compiling the C compiler identification source file "CMakeCCompilerId.c" failed.
Compiler: cl 
Build flags: 
Id flags: -D__CLASSIC_C__ 

The output was:
Das System kann die angegebene Datei nicht finden


Compiling the C compiler identification source file "CMakeCCompilerId.c" failed.
Compiler: cl 
Build flags: 
Id flags: --target=arm-arm-none-eabi;-mcpu=cortex-m3 

The output was:
Das System kann die angegebene Datei nicht finden


Checking whether the C compiler is IAR using "" did not match "IAR .+ Compiler":
Checking whether the C compiler is IAR using "" did not match "IAR .+ Compiler":
Compiling the CXX compiler identification source file "CMakeCXXCompilerId.cpp" failed.
Compiler: cl 
Build flags: 
Id flags:  

The output was:
Das System kann die angegebene Datei nicht finden


Compiling the CXX compiler identification source file "CMakeCXXCompilerId.cpp" failed.
Compiler: cl 
Build flags: 
Id flags: -c 

The output was:
Das System kann die angegebene Datei nicht finden


Compiling the CXX compiler identification source file "CMakeCXXCompilerId.cpp" failed.
Compiler: cl 
Build flags: 
Id flags: --c++ 

The output was:
Das System kann die angegebene Datei nicht finden


Compiling the CXX compiler identification source file "CMakeCXXCompilerId.cpp" failed.
Compiler: cl 
Build flags: 
Id flags: --ec++ 

The output was:
Das System kann die angegebene Datei nicht finden


Compiling the CXX compiler identification source file "CMakeCXXCompilerId.cpp" failed.
Compiler: cl 
Build flags: 
Id flags: --target=arm-arm-none-eabi;-mcpu=cortex-m3 

The output was:
Das System kann die angegebene Datei nicht finden


Compiling the CXX compiler identification source file "CMakeCXXCompilerId.cpp" failed.
Compiler: cl 
Build flags: 
Id flags:  

The output was:
Das System kann die angegebene Datei nicht finden


Compiling the CXX compiler identification source file "CMakeCXXCompilerId.cpp" failed.
Compiler: cl 
Build flags: 
Id flags: -c 

The output was:
Das System kann die angegebene Datei nicht finden


Compiling the CXX compiler identification source file "CMakeCXXCompilerId.cpp" failed.
Compiler: cl 
Build flags: 
Id flags: --c++ 

The output was:
Das System kann die angegebene Datei nicht finden


Compiling the CXX compiler identification source file "CMakeCXXCompilerId.cpp" failed.
Compiler: cl 
Build flags: 
Id flags: --ec++ 

The output was:
Das System kann die angegebene Datei nicht finden


Compiling the CXX compiler identification source file "CMakeCXXCompilerId.cpp" failed.
Compiler: cl 
Build flags: 
Id flags: --target=arm-arm-none-eabi;-mcpu=cortex-m3 

The output was:
Das System kann die angegebene Datei nicht finden


Checking whether the CXX compiler is IAR using "" did not match "IAR .+ Compiler":
Checking whether the CXX compiler is IAR using "" did not match "IAR .+ Compiler":
Determining if the C compiler works failed with the following output:
Change Dir: C:/Users/User/Desktop/cube-defender/build/CMakeFiles/CMakeTmp

Run Build Command(s):nmake /nologo cmTC_28dca\fast && Das System kann die angegebene Datei nicht finden
Generator: execution of make failed. Make command was: nmake /nologo cmTC_28dca\fast && 


Determining if the C compiler works failed with the following output:
Change Dir: C:/Users/User/Desktop/cube-defender/build/CMakeFiles/CMakeTmp

Run Build Command(s):nmake /nologo cmTC_c341f\fast && Das System kann die angegebene Datei nicht finden
Generator: execution of make failed. Make command was: nmake /nologo cmTC_c341f\fast && 


Determining if the C compiler works failed with the following output:
Change Dir: C:/Users/User/Desktop/cube-defender/build/CMakeFiles/CMakeTmp

Run Build Command(s):nmake /nologo cmTC_789b9\fast && Das System kann die angegebene Datei nicht finden
Generator: execution of make failed. Make command was: nmake /nologo cmTC_789b9\fast && 


Determining if the C compiler works failed with the following output:
Change Dir: C:/Users/User/Desktop/cube-defender/build/CMakeFiles/CMakeTmp

Run Build Command(s):nmake /nologo cmTC_fe7db\fast && Das System kann die angegebene Datei nicht finden
Generator: execution of make failed. Make command was: nmake /nologo cmTC_fe7db\fast && 


Determining if the C compiler works failed with the following output:
Change Dir: C:/Users/User/Desktop/cube-defender/build/CMakeFiles/CMakeTmp

Run Build Command(s):nmake /nologo cmTC_540c7\fast && Das System kann die angegebene Datei nicht finden
Generator: execution of make failed. Make command was: nmake /nologo cmTC_540c7\fast && 


